Started GET "/" for 127.0.0.1 at 2018-09-20 17:40:30 +0700
  [1m[35m (1.2ms)[0m  [1m[35mSET NAMES utf8,  @@SESSION.sql_mode = CONCAT(CONCAT(@@sql_mode, ',STRICT_ALL_TABLES'), ',NO_AUTO_VALUE_ON_ZERO'),  @@SESSION.sql_auto_is_null = 0, @@SESSION.wait_timeout = 2147483[0m
  ↳ /home/holy/.rbenv/versions/2.4.1/lib/ruby/gems/2.4.0/gems/activerecord-5.2.1/lib/active_record/log_subscriber.rb:98
  [1m[35m (0.4ms)[0m  [1m[34mSELECT `schema_migrations`.`version` FROM `schema_migrations` ORDER BY `schema_migrations`.`version` ASC[0m
  ↳ /home/holy/.rbenv/versions/2.4.1/lib/ruby/gems/2.4.0/gems/activerecord-5.2.1/lib/active_record/log_subscriber.rb:98
Processing by TradeController#index as HTML
  Rendering trade/index.html.haml within layouts/application
  Rendered trade/index.html.haml within layouts/application (18602.7ms)
Completed 200 OK in 18730ms (Views: 18724.5ms | ActiveRecord: 0.0ms)


Started GET "/" for 127.0.0.1 at 2018-09-20 17:46:17 +0700
  [1m[35m (0.5ms)[0m  [1m[35mSET NAMES utf8,  @@SESSION.sql_mode = CONCAT(CONCAT(@@sql_mode, ',STRICT_ALL_TABLES'), ',NO_AUTO_VALUE_ON_ZERO'),  @@SESSION.sql_auto_is_null = 0, @@SESSION.wait_timeout = 2147483[0m
  ↳ /home/holy/.rbenv/versions/2.4.1/lib/ruby/gems/2.4.0/gems/activerecord-5.2.1/lib/active_record/log_subscriber.rb:98
  [1m[35m (0.3ms)[0m  [1m[34mSELECT `schema_migrations`.`version` FROM `schema_migrations` ORDER BY `schema_migrations`.`version` ASC[0m
  ↳ /home/holy/.rbenv/versions/2.4.1/lib/ruby/gems/2.4.0/gems/activerecord-5.2.1/lib/active_record/log_subscriber.rb:98
Processing by ExchangeController#index as HTML
  Rendering exchange/index.html.haml within layouts/application
  Rendered exchange/index.html.haml within layouts/application (5491.7ms)
Completed 200 OK in 6111ms (Views: 6104.4ms | ActiveRecord: 0.0ms)


Started GET "/" for 192.168.5.14 at 2018-09-20 20:46:38 +0700
Cannot render console from 192.168.5.14! Allowed networks: 127.0.0.1, ::1, 127.0.0.0/127.255.255.255
  [1m[35m (0.3ms)[0m  [1m[35mSET NAMES utf8,  @@SESSION.sql_mode = CONCAT(CONCAT(@@sql_mode, ',STRICT_ALL_TABLES'), ',NO_AUTO_VALUE_ON_ZERO'),  @@SESSION.sql_auto_is_null = 0, @@SESSION.wait_timeout = 2147483[0m
  ↳ /home/holy/.rbenv/versions/2.4.1/lib/ruby/gems/2.4.0/gems/activerecord-5.2.1/lib/active_record/log_subscriber.rb:98
  [1m[35m (0.3ms)[0m  [1m[34mSELECT `schema_migrations`.`version` FROM `schema_migrations` ORDER BY `schema_migrations`.`version` ASC[0m
  ↳ /home/holy/.rbenv/versions/2.4.1/lib/ruby/gems/2.4.0/gems/activerecord-5.2.1/lib/active_record/log_subscriber.rb:98
Processing by ExchangeController#index as HTML
  Rendering exchange/index.html.haml within layouts/application
  Rendered exchange/index.html.haml within layouts/application (4747.4ms)
Completed 200 OK in 5461ms (Views: 5454.4ms | ActiveRecord: 0.0ms)


Started GET "/" for 127.0.0.1 at 2018-09-20 21:33:01 +0700
  [1m[35m (0.3ms)[0m  [1m[35mSET NAMES utf8,  @@SESSION.sql_mode = CONCAT(CONCAT(@@sql_mode, ',STRICT_ALL_TABLES'), ',NO_AUTO_VALUE_ON_ZERO'),  @@SESSION.sql_auto_is_null = 0, @@SESSION.wait_timeout = 2147483[0m
  ↳ /home/holy/.rbenv/versions/2.4.1/lib/ruby/gems/2.4.0/gems/activerecord-5.2.1/lib/active_record/log_subscriber.rb:98
  [1m[35m (0.2ms)[0m  [1m[34mSELECT `schema_migrations`.`version` FROM `schema_migrations` ORDER BY `schema_migrations`.`version` ASC[0m
  ↳ /home/holy/.rbenv/versions/2.4.1/lib/ruby/gems/2.4.0/gems/activerecord-5.2.1/lib/active_record/log_subscriber.rb:98
Processing by ExchangeController#index as HTML
  Rendering exchange/index.html.haml within layouts/application
  Rendered exchange/index.html.haml within layouts/application (3781.0ms)
Completed 200 OK in 4470ms (Views: 4464.2ms | ActiveRecord: 0.0ms)


Started GET "/" for 14.42.42.86 at 2018-09-20 21:33:33 +0700
Cannot render console from 14.42.42.86! Allowed networks: 127.0.0.1, ::1, 127.0.0.0/127.255.255.255
Processing by ExchangeController#index as HTML
  Rendering exchange/index.html.haml within layouts/application
  Rendered exchange/index.html.haml within layouts/application (88.4ms)
Completed 200 OK in 203ms (Views: 200.1ms | ActiveRecord: 0.0ms)


Started GET "/" for 14.42.42.86 at 2018-09-20 21:33:34 +0700
Cannot render console from 14.42.42.86! Allowed networks: 127.0.0.1, ::1, 127.0.0.0/127.255.255.255
Processing by ExchangeController#index as HTML
  Rendering exchange/index.html.haml within layouts/application
  Rendered exchange/index.html.haml within layouts/application (81.7ms)
Completed 200 OK in 183ms (Views: 180.3ms | ActiveRecord: 0.0ms)


Started GET "/" for 14.42.42.86 at 2018-09-20 21:33:34 +0700
Cannot render console from 14.42.42.86! Allowed networks: 127.0.0.1, ::1, 127.0.0.0/127.255.255.255
Processing by ExchangeController#index as HTML
  Rendering exchange/index.html.haml within layouts/application
  Rendered exchange/index.html.haml within layouts/application (67.1ms)
Completed 200 OK in 166ms (Views: 163.0ms | ActiveRecord: 0.0ms)


Started GET "/" for 14.42.42.86 at 2018-09-20 21:33:35 +0700
Cannot render console from 14.42.42.86! Allowed networks: 127.0.0.1, ::1, 127.0.0.0/127.255.255.255
Processing by ExchangeController#index as HTML
  Rendering exchange/index.html.haml within layouts/application
  Rendered exchange/index.html.haml within layouts/application (63.7ms)
Completed 200 OK in 175ms (Views: 172.2ms | ActiveRecord: 0.0ms)


Started GET "/" for 127.0.0.1 at 2018-09-20 21:33:42 +0700
Processing by ExchangeController#index as HTML
  Rendering exchange/index.html.haml within layouts/application
  Rendered exchange/index.html.haml within layouts/application (46.0ms)
Completed 200 OK in 151ms (Views: 148.5ms | ActiveRecord: 0.0ms)


Started GET "/" for 14.42.42.86 at 2018-09-20 21:33:58 +0700
Cannot render console from 14.42.42.86! Allowed networks: 127.0.0.1, ::1, 127.0.0.0/127.255.255.255
Processing by ExchangeController#index as HTML
  Rendering exchange/index.html.haml within layouts/application
  Rendered exchange/index.html.haml within layouts/application (65.8ms)
Completed 200 OK in 162ms (Views: 159.5ms | ActiveRecord: 0.0ms)


Started GET "/" for 127.0.0.1 at 2018-09-21 11:38:04 +0700
  [1m[35m (0.4ms)[0m  [1m[35mSET NAMES utf8,  @@SESSION.sql_mode = CONCAT(CONCAT(@@sql_mode, ',STRICT_ALL_TABLES'), ',NO_AUTO_VALUE_ON_ZERO'),  @@SESSION.sql_auto_is_null = 0, @@SESSION.wait_timeout = 2147483[0m
  ↳ /home/holy/.rbenv/versions/2.4.1/lib/ruby/gems/2.4.0/gems/activerecord-5.2.1/lib/active_record/log_subscriber.rb:98
  [1m[35m (0.2ms)[0m  [1m[34mSELECT `schema_migrations`.`version` FROM `schema_migrations` ORDER BY `schema_migrations`.`version` ASC[0m
  ↳ /home/holy/.rbenv/versions/2.4.1/lib/ruby/gems/2.4.0/gems/activerecord-5.2.1/lib/active_record/log_subscriber.rb:98
Processing by ExchangeController#index as HTML
  Rendering exchange/index.html.haml within layouts/application
  Rendered exchange/index.html.haml within layouts/application (536.4ms)
Completed 200 OK in 739ms (Views: 733.1ms | ActiveRecord: 0.0ms)


Started GET "/exchange/ZRX-WETH" for 127.0.0.1 at 2018-09-21 11:38:23 +0700
Processing by ExchangeController#trade as HTML
  Parameters: {"trade_pair"=>"ZRX-WETH"}
Started GET "/exchange/assets/favicon.ico" for 127.0.0.1 at 2018-09-21 11:38:23 +0700
  
  [1m[36mToken Load (0.4ms)[0m  [1m[34mSELECT  `tokens`.* FROM `tokens` WHERE (symbol = 'ZRX') ORDER BY `tokens`.`id` ASC LIMIT 1[0m
ActionController::RoutingError (No route matches [GET] "/exchange/assets/favicon.ico"):
  ↳ app/controllers/exchange_controller.rb:355
  
actionpack (5.2.1) lib/action_dispatch/middleware/debug_exceptions.rb:65:in `call'
web-console (3.7.0) lib/web_console/middleware.rb:135:in `call_app'
web-console (3.7.0) lib/web_console/middleware.rb:30:in `block in call'
web-console (3.7.0) lib/web_console/middleware.rb:20:in `catch'
web-console (3.7.0) lib/web_console/middleware.rb:20:in `call'
actionpack (5.2.1) lib/action_dispatch/middleware/show_exceptions.rb:33:in `call'
railties (5.2.1) lib/rails/rack/logger.rb:38:in `call_app'
railties (5.2.1) lib/rails/rack/logger.rb:26:in `block in call'
activesupport (5.2.1) lib/active_support/tagged_logging.rb:71:in `block in tagged'
activesupport (5.2.1) lib/active_support/tagged_logging.rb:28:in `tagged'
activesupport (5.2.1) lib/active_support/tagged_logging.rb:71:in `tagged'
railties (5.2.1) lib/rails/rack/logger.rb:26:in `call'
sprockets-rails (3.2.1) lib/sprockets/rails/quiet_assets.rb:13:in `call'
actionpack (5.2.1) lib/action_dispatch/middleware/remote_ip.rb:81:in `call'
actionpack (5.2.1) lib/action_dispatch/middleware/request_id.rb:27:in `call'
rack (2.0.5) lib/rack/method_override.rb:22:in `call'
rack (2.0.5) lib/rack/runtime.rb:22:in `call'
activesupport (5.2.1) lib/active_support/cache/strategy/local_cache_middleware.rb:29:in `call'
actionpack (5.2.1) lib/action_dispatch/middleware/executor.rb:14:in `call'
actionpack (5.2.1) lib/action_dispatch/middleware/static.rb:127:in `call'
rack (2.0.5) lib/rack/sendfile.rb:111:in `call'
railties (5.2.1) lib/rails/engine.rb:524:in `call'
puma (3.12.0) lib/puma/configuration.rb:225:in `call'
puma (3.12.0) lib/puma/server.rb:658:in `handle_request'
puma (3.12.0) lib/puma/server.rb:472:in `process_client'
puma (3.12.0) lib/puma/server.rb:332:in `block in run'
puma (3.12.0) lib/puma/thread_pool.rb:133:in `block in spawn_thread'
  [1m[36mOrder Load (0.3ms)[0m  [1m[34mSELECT  sum(amount) as mamount FROM `orders` WHERE `orders`.`base_token` = 'WETH' AND `orders`.`token_symbol` = 'ZRX' AND `orders`.`type` = 1 GROUP BY `orders`.`price` ORDER BY mamount DESC LIMIT 1[0m
  ↳ app/controllers/exchange_controller.rb:361
  [1m[36mOrder Load (0.3ms)[0m  [1m[34mSELECT  sum(amount) as mamount FROM `orders` WHERE `orders`.`base_token` = 'WETH' AND `orders`.`token_symbol` = 'ZRX' AND `orders`.`type` = 0 GROUP BY `orders`.`price` ORDER BY mamount DESC LIMIT 1[0m
  ↳ app/controllers/exchange_controller.rb:362
  [1m[35m (0.2ms)[0m  [1m[34mSELECT MIN(`orders`.`price`) FROM `orders` WHERE `orders`.`base_token` = 'WETH' AND `orders`.`token_symbol` = 'ZRX' AND `orders`.`type` = 0[0m
  ↳ app/controllers/exchange_controller.rb:363
  [1m[35m (0.2ms)[0m  [1m[34mSELECT MAX(`orders`.`price`) FROM `orders` WHERE `orders`.`base_token` = 'WETH' AND `orders`.`token_symbol` = 'ZRX' AND `orders`.`type` = 1[0m
  ↳ app/controllers/exchange_controller.rb:364
  [1m[36mOrder Load (0.5ms)[0m  [1m[34mSELECT type,price,sum(amount) as amount, min(expire) as expire FROM `orders` WHERE `orders`.`base_token` = 'WETH' AND `orders`.`token_symbol` = 'ZRX' AND `orders`.`type` = 1 GROUP BY `orders`.`price` ORDER BY `orders`.`price` DESC[0m
  ↳ app/controllers/exchange_controller.rb:378
  [1m[36mOrder Load (0.3ms)[0m  [1m[34mSELECT type,price,sum(amount) as amount, min(expire) as expire FROM `orders` WHERE `orders`.`base_token` = 'WETH' AND `orders`.`token_symbol` = 'ZRX' AND `orders`.`type` = 0 GROUP BY `orders`.`price` ORDER BY `orders`.`price` ASC[0m
  ↳ app/controllers/exchange_controller.rb:382
  [1m[36mTradeHistory Load (0.3ms)[0m  [1m[34mSELECT `trade_histories`.* FROM `trade_histories` WHERE `trade_histories`.`base_token` = 'WETH' AND `trade_histories`.`token_symbol` = 'ZRX' ORDER BY `trade_histories`.`updated_at` DESC[0m
  ↳ app/controllers/exchange_controller.rb:422
  Rendering exchange/trade.html.haml within layouts/application
  [1m[36mToken Load (0.3ms)[0m  [1m[34mSELECT `tokens`.* FROM `tokens` WHERE (symbol != 'WETH') ORDER BY `tokens`.`symbol` ASC[0m
  ↳ app/views/exchange/_header.html.haml:15
  [1m[36mTradeHistory Load (0.1ms)[0m  [1m[34mSELECT  `trade_histories`.* FROM `trade_histories` WHERE (created_at > '2018-09-20 17:00:00' AND token_symbol = 'B0X' AND base_token = 'B0X') ORDER BY `trade_histories`.`id` DESC LIMIT 1[0m
  ↳ app/models/token.rb:14
  [1m[36mTradeHistory Load (0.2ms)[0m  [1m[34mSELECT `trade_histories`.* FROM `trade_histories` WHERE (created_at > '2018-09-20 17:00:00' AND token_symbol = 'B0X' AND base_token = 'B0X')[0m
  ↳ app/models/token.rb:31
  [1m[36mTradeHistory Load (0.2ms)[0m  [1m[34mSELECT  `trade_histories`.* FROM `trade_histories` WHERE `trade_histories`.`token_symbol` = 'B0X' AND `trade_histories`.`base_token` = 'B0X' ORDER BY `trade_histories`.`id` DESC LIMIT 1[0m
  ↳ app/models/token.rb:4
  [1m[36mTradeHistory Load (0.2ms)[0m  [1m[34mSELECT  `trade_histories`.* FROM `trade_histories` WHERE (created_at > '2018-09-20 17:00:00' AND token_symbol = 'TKN0' AND base_token = 'TKN0') ORDER BY `trade_histories`.`id` DESC LIMIT 1[0m
  ↳ app/models/token.rb:14
  [1m[36mTradeHistory Load (0.2ms)[0m  [1m[34mSELECT `trade_histories`.* FROM `trade_histories` WHERE (created_at > '2018-09-20 17:00:00' AND token_symbol = 'TKN0' AND base_token = 'TKN0')[0m
  ↳ app/models/token.rb:31
  [1m[36mTradeHistory Load (0.3ms)[0m  [1m[34mSELECT  `trade_histories`.* FROM `trade_histories` WHERE `trade_histories`.`token_symbol` = 'TKN0' AND `trade_histories`.`base_token` = 'TKN0' ORDER BY `trade_histories`.`id` DESC LIMIT 1[0m
  ↳ app/models/token.rb:4
  [1m[36mTradeHistory Load (0.3ms)[0m  [1m[34mSELECT  `trade_histories`.* FROM `trade_histories` WHERE (created_at > '2018-09-20 17:00:00' AND token_symbol = 'TKN1' AND base_token = 'TKN1') ORDER BY `trade_histories`.`id` DESC LIMIT 1[0m
  ↳ app/models/token.rb:14
  [1m[36mTradeHistory Load (0.3ms)[0m  [1m[34mSELECT `trade_histories`.* FROM `trade_histories` WHERE (created_at > '2018-09-20 17:00:00' AND token_symbol = 'TKN1' AND base_token = 'TKN1')[0m
  ↳ app/models/token.rb:31
  [1m[36mTradeHistory Load (0.2ms)[0m  [1m[34mSELECT  `trade_histories`.* FROM `trade_histories` WHERE `trade_histories`.`token_symbol` = 'TKN1' AND `trade_histories`.`base_token` = 'TKN1' ORDER BY `trade_histories`.`id` DESC LIMIT 1[0m
  ↳ app/models/token.rb:4
  [1m[36mTradeHistory Load (0.3ms)[0m  [1m[34mSELECT  `trade_histories`.* FROM `trade_histories` WHERE (created_at > '2018-09-20 17:00:00' AND token_symbol = 'TKN10' AND base_token = 'TKN10') ORDER BY `trade_histories`.`id` DESC LIMIT 1[0m
  ↳ app/models/token.rb:14
  [1m[36mTradeHistory Load (0.2ms)[0m  [1m[34mSELECT `trade_histories`.* FROM `trade_histories` WHERE (created_at > '2018-09-20 17:00:00' AND token_symbol = 'TKN10' AND base_token = 'TKN10')[0m
  ↳ app/models/token.rb:31
  [1m[36mTradeHistory Load (0.3ms)[0m  [1m[34mSELECT  `trade_histories`.* FROM `trade_histories` WHERE `trade_histories`.`token_symbol` = 'TKN10' AND `trade_histories`.`base_token` = 'TKN10' ORDER BY `trade_histories`.`id` DESC LIMIT 1[0m
  ↳ app/models/token.rb:4
  [1m[36mTradeHistory Load (0.3ms)[0m  [1m[34mSELECT  `trade_histories`.* FROM `trade_histories` WHERE (created_at > '2018-09-20 17:00:00' AND token_symbol = 'TKN11' AND base_token = 'TKN11') ORDER BY `trade_histories`.`id` DESC LIMIT 1[0m
  ↳ app/models/token.rb:14
  [1m[36mTradeHistory Load (0.3ms)[0m  [1m[34mSELECT `trade_histories`.* FROM `trade_histories` WHERE (created_at > '2018-09-20 17:00:00' AND token_symbol = 'TKN11' AND base_token = 'TKN11')[0m
  ↳ app/models/token.rb:31
  [1m[36mTradeHistory Load (0.2ms)[0m  [1m[34mSELECT  `trade_histories`.* FROM `trade_histories` WHERE `trade_histories`.`token_symbol` = 'TKN11' AND `trade_histories`.`base_token` = 'TKN11' ORDER BY `trade_histories`.`id` DESC LIMIT 1[0m
  ↳ app/models/token.rb:4
  [1m[36mTradeHistory Load (0.2ms)[0m  [1m[34mSELECT  `trade_histories`.* FROM `trade_histories` WHERE (created_at > '2018-09-20 17:00:00' AND token_symbol = 'ZRX' AND base_token = 'ZRX') ORDER BY `trade_histories`.`id` DESC LIMIT 1[0m
  ↳ app/models/token.rb:14
  [1m[36mTradeHistory Load (0.2ms)[0m  [1m[34mSELECT `trade_histories`.* FROM `trade_histories` WHERE (created_at > '2018-09-20 17:00:00' AND token_symbol = 'ZRX' AND base_token = 'ZRX')[0m
  ↳ app/models/token.rb:31
  [1m[36mTradeHistory Load (0.3ms)[0m  [1m[34mSELECT  `trade_histories`.* FROM `trade_histories` WHERE `trade_histories`.`token_symbol` = 'ZRX' AND `trade_histories`.`base_token` = 'ZRX' ORDER BY `trade_histories`.`id` DESC LIMIT 1[0m
  ↳ app/models/token.rb:4
  [1m[36mTradeHistory Load (0.2ms)[0m  [1m[34mSELECT  `trade_histories`.* FROM `trade_histories` WHERE `trade_histories`.`token_symbol` = 'ZRX' AND `trade_histories`.`base_token` = 'WETH' ORDER BY `trade_histories`.`id` DESC LIMIT 1[0m
  ↳ app/models/token.rb:4
  [1m[36mTradeHistory Load (0.2ms)[0m  [1m[34mSELECT  `trade_histories`.* FROM `trade_histories` WHERE (created_at > '2018-09-20 17:00:00' AND token_symbol = 'ZRX' AND base_token = 'WETH') ORDER BY `trade_histories`.`id` DESC LIMIT 1[0m
  ↳ app/models/token.rb:14
  [1m[36mTradeHistory Load (0.2ms)[0m  [1m[34mSELECT `trade_histories`.* FROM `trade_histories` WHERE (created_at > '2018-09-20 17:00:00' AND token_symbol = 'ZRX' AND base_token = 'WETH')[0m
  ↳ app/models/token.rb:31
  Rendered exchange/_header.html.haml (48.6ms)
  [1m[36mTradeHistory Load (0.3ms)[0m  [1m[34mSELECT  `trade_histories`.* FROM `trade_histories` WHERE `trade_histories`.`token_symbol` = 'B0X' AND `trade_histories`.`base_token` = 'WETH' ORDER BY `trade_histories`.`id` DESC LIMIT 1[0m
  ↳ app/models/token.rb:4
  [1m[36mCACHE TradeHistory Load (0.0ms)[0m  [1m[34mSELECT  `trade_histories`.* FROM `trade_histories` WHERE `trade_histories`.`token_symbol` = 'B0X' AND `trade_histories`.`base_token` = 'WETH' ORDER BY `trade_histories`.`id` DESC LIMIT 1[0m
  ↳ app/models/token.rb:4
  [1m[36mTradeHistory Load (0.3ms)[0m  [1m[34mSELECT  `trade_histories`.* FROM `trade_histories` WHERE (created_at > '2018-09-20 17:00:00' AND token_symbol = 'B0X' AND base_token = 'WETH') ORDER BY `trade_histories`.`id` DESC LIMIT 1[0m
  ↳ app/models/token.rb:14
  [1m[36mCACHE TradeHistory Load (0.0ms)[0m  [1m[34mSELECT  `trade_histories`.* FROM `trade_histories` WHERE (created_at > '2018-09-20 17:00:00' AND token_symbol = 'B0X' AND base_token = 'WETH') ORDER BY `trade_histories`.`id` DESC LIMIT 1[0m
  ↳ app/models/token.rb:14
  [1m[36mCACHE TradeHistory Load (0.0ms)[0m  [1m[34mSELECT  `trade_histories`.* FROM `trade_histories` WHERE (created_at > '2018-09-20 17:00:00' AND token_symbol = 'B0X' AND base_token = 'WETH') ORDER BY `trade_histories`.`id` DESC LIMIT 1[0m
  ↳ app/models/token.rb:14
  [1m[36mTradeHistory Load (0.3ms)[0m  [1m[34mSELECT `trade_histories`.* FROM `trade_histories` WHERE (created_at > '2018-09-20 17:00:00' AND token_symbol = 'B0X' AND base_token = 'WETH')[0m
  ↳ app/models/token.rb:31
  [1m[36mCACHE TradeHistory Load (0.0ms)[0m  [1m[34mSELECT `trade_histories`.* FROM `trade_histories` WHERE (created_at > '2018-09-20 17:00:00' AND token_symbol = 'B0X' AND base_token = 'WETH')[0m
  ↳ app/models/token.rb:31
  [1m[36mTradeHistory Load (0.3ms)[0m  [1m[34mSELECT  `trade_histories`.* FROM `trade_histories` WHERE `trade_histories`.`token_symbol` = 'TKN0' AND `trade_histories`.`base_token` = 'WETH' ORDER BY `trade_histories`.`id` DESC LIMIT 1[0m
  ↳ app/models/token.rb:4
  [1m[36mCACHE TradeHistory Load (0.0ms)[0m  [1m[34mSELECT  `trade_histories`.* FROM `trade_histories` WHERE `trade_histories`.`token_symbol` = 'TKN0' AND `trade_histories`.`base_token` = 'WETH' ORDER BY `trade_histories`.`id` DESC LIMIT 1[0m
  ↳ app/models/token.rb:4
  [1m[36mTradeHistory Load (0.2ms)[0m  [1m[34mSELECT  `trade_histories`.* FROM `trade_histories` WHERE (created_at > '2018-09-20 17:00:00' AND token_symbol = 'TKN0' AND base_token = 'WETH') ORDER BY `trade_histories`.`id` DESC LIMIT 1[0m
  ↳ app/models/token.rb:14
  [1m[36mCACHE TradeHistory Load (0.0ms)[0m  [1m[34mSELECT  `trade_histories`.* FROM `trade_histories` WHERE (created_at > '2018-09-20 17:00:00' AND token_symbol = 'TKN0' AND base_token = 'WETH') ORDER BY `trade_histories`.`id` DESC LIMIT 1[0m
  ↳ app/models/token.rb:14
  [1m[36mCACHE TradeHistory Load (0.0ms)[0m  [1m[34mSELECT  `trade_histories`.* FROM `trade_histories` WHERE (created_at > '2018-09-20 17:00:00' AND token_symbol = 'TKN0' AND base_token = 'WETH') ORDER BY `trade_histories`.`id` DESC LIMIT 1[0m
  ↳ app/models/token.rb:14
  [1m[36mTradeHistory Load (0.3ms)[0m  [1m[34mSELECT `trade_histories`.* FROM `trade_histories` WHERE (created_at > '2018-09-20 17:00:00' AND token_symbol = 'TKN0' AND base_token = 'WETH')[0m
  ↳ app/models/token.rb:31
  [1m[36mCACHE TradeHistory Load (0.0ms)[0m  [1m[34mSELECT `trade_histories`.* FROM `trade_histories` WHERE (created_at > '2018-09-20 17:00:00' AND token_symbol = 'TKN0' AND base_token = 'WETH')[0m
  ↳ app/models/token.rb:31
  [1m[36mTradeHistory Load (0.3ms)[0m  [1m[34mSELECT  `trade_histories`.* FROM `trade_histories` WHERE `trade_histories`.`token_symbol` = 'TKN1' AND `trade_histories`.`base_token` = 'WETH' ORDER BY `trade_histories`.`id` DESC LIMIT 1[0m
  ↳ app/models/token.rb:4
  [1m[36mCACHE TradeHistory Load (0.0ms)[0m  [1m[34mSELECT  `trade_histories`.* FROM `trade_histories` WHERE `trade_histories`.`token_symbol` = 'TKN1' AND `trade_histories`.`base_token` = 'WETH' ORDER BY `trade_histories`.`id` DESC LIMIT 1[0m
  ↳ app/models/token.rb:4
  [1m[36mTradeHistory Load (0.3ms)[0m  [1m[34mSELECT  `trade_histories`.* FROM `trade_histories` WHERE (created_at > '2018-09-20 17:00:00' AND token_symbol = 'TKN1' AND base_token = 'WETH') ORDER BY `trade_histories`.`id` DESC LIMIT 1[0m
  ↳ app/models/token.rb:14
  [1m[36mCACHE TradeHistory Load (0.0ms)[0m  [1m[34mSELECT  `trade_histories`.* FROM `trade_histories` WHERE (created_at > '2018-09-20 17:00:00' AND token_symbol = 'TKN1' AND base_token = 'WETH') ORDER BY `trade_histories`.`id` DESC LIMIT 1[0m
  ↳ app/models/token.rb:14
  [1m[36mCACHE TradeHistory Load (0.0ms)[0m  [1m[34mSELECT  `trade_histories`.* FROM `trade_histories` WHERE (created_at > '2018-09-20 17:00:00' AND token_symbol = 'TKN1' AND base_token = 'WETH') ORDER BY `trade_histories`.`id` DESC LIMIT 1[0m
  ↳ app/models/token.rb:14
  [1m[36mTradeHistory Load (0.3ms)[0m  [1m[34mSELECT `trade_histories`.* FROM `trade_histories` WHERE (created_at > '2018-09-20 17:00:00' AND token_symbol = 'TKN1' AND base_token = 'WETH')[0m
  ↳ app/models/token.rb:31
  [1m[36mCACHE TradeHistory Load (0.0ms)[0m  [1m[34mSELECT `trade_histories`.* FROM `trade_histories` WHERE (created_at > '2018-09-20 17:00:00' AND token_symbol = 'TKN1' AND base_token = 'WETH')[0m
  ↳ app/models/token.rb:31
  [1m[36mTradeHistory Load (0.2ms)[0m  [1m[34mSELECT  `trade_histories`.* FROM `trade_histories` WHERE `trade_histories`.`token_symbol` = 'TKN10' AND `trade_histories`.`base_token` = 'WETH' ORDER BY `trade_histories`.`id` DESC LIMIT 1[0m
  ↳ app/models/token.rb:4
  [1m[36mCACHE TradeHistory Load (0.0ms)[0m  [1m[34mSELECT  `trade_histories`.* FROM `trade_histories` WHERE `trade_histories`.`token_symbol` = 'TKN10' AND `trade_histories`.`base_token` = 'WETH' ORDER BY `trade_histories`.`id` DESC LIMIT 1[0m
  ↳ app/models/token.rb:4
  [1m[36mTradeHistory Load (0.3ms)[0m  [1m[34mSELECT  `trade_histories`.* FROM `trade_histories` WHERE (created_at > '2018-09-20 17:00:00' AND token_symbol = 'TKN10' AND base_token = 'WETH') ORDER BY `trade_histories`.`id` DESC LIMIT 1[0m
  ↳ app/models/token.rb:14
  [1m[36mCACHE TradeHistory Load (0.0ms)[0m  [1m[34mSELECT  `trade_histories`.* FROM `trade_histories` WHERE (created_at > '2018-09-20 17:00:00' AND token_symbol = 'TKN10' AND base_token = 'WETH') ORDER BY `trade_histories`.`id` DESC LIMIT 1[0m
  ↳ app/models/token.rb:14
  [1m[36mCACHE TradeHistory Load (0.0ms)[0m  [1m[34mSELECT  `trade_histories`.* FROM `trade_histories` WHERE (created_at > '2018-09-20 17:00:00' AND token_symbol = 'TKN10' AND base_token = 'WETH') ORDER BY `trade_histories`.`id` DESC LIMIT 1[0m
  ↳ app/models/token.rb:14
  [1m[36mTradeHistory Load (0.3ms)[0m  [1m[34mSELECT `trade_histories`.* FROM `trade_histories` WHERE (created_at > '2018-09-20 17:00:00' AND token_symbol = 'TKN10' AND base_token = 'WETH')[0m
  ↳ app/models/token.rb:31
  [1m[36mCACHE TradeHistory Load (0.0ms)[0m  [1m[34mSELECT `trade_histories`.* FROM `trade_histories` WHERE (created_at > '2018-09-20 17:00:00' AND token_symbol = 'TKN10' AND base_token = 'WETH')[0m
  ↳ app/models/token.rb:31
  [1m[36mTradeHistory Load (0.3ms)[0m  [1m[34mSELECT  `trade_histories`.* FROM `trade_histories` WHERE `trade_histories`.`token_symbol` = 'TKN11' AND `trade_histories`.`base_token` = 'WETH' ORDER BY `trade_histories`.`id` DESC LIMIT 1[0m
  ↳ app/models/token.rb:4
  [1m[36mCACHE TradeHistory Load (0.0ms)[0m  [1m[34mSELECT  `trade_histories`.* FROM `trade_histories` WHERE `trade_histories`.`token_symbol` = 'TKN11' AND `trade_histories`.`base_token` = 'WETH' ORDER BY `trade_histories`.`id` DESC LIMIT 1[0m
  ↳ app/models/token.rb:4
  [1m[36mTradeHistory Load (0.5ms)[0m  [1m[34mSELECT  `trade_histories`.* FROM `trade_histories` WHERE (created_at > '2018-09-20 17:00:00' AND token_symbol = 'TKN11' AND base_token = 'WETH') ORDER BY `trade_histories`.`id` DESC LIMIT 1[0m
  ↳ app/models/token.rb:14
  [1m[36mCACHE TradeHistory Load (0.0ms)[0m  [1m[34mSELECT  `trade_histories`.* FROM `trade_histories` WHERE (created_at > '2018-09-20 17:00:00' AND token_symbol = 'TKN11' AND base_token = 'WETH') ORDER BY `trade_histories`.`id` DESC LIMIT 1[0m
  ↳ app/models/token.rb:14
  [1m[36mCACHE TradeHistory Load (0.0ms)[0m  [1m[34mSELECT  `trade_histories`.* FROM `trade_histories` WHERE (created_at > '2018-09-20 17:00:00' AND token_symbol = 'TKN11' AND base_token = 'WETH') ORDER BY `trade_histories`.`id` DESC LIMIT 1[0m
  ↳ app/models/token.rb:14
  [1m[36mTradeHistory Load (0.3ms)[0m  [1m[34mSELECT `trade_histories`.* FROM `trade_histories` WHERE (created_at > '2018-09-20 17:00:00' AND token_symbol = 'TKN11' AND base_token = 'WETH')[0m
  ↳ app/models/token.rb:31
  [1m[36mCACHE TradeHistory Load (0.0ms)[0m  [1m[34mSELECT `trade_histories`.* FROM `trade_histories` WHERE (created_at > '2018-09-20 17:00:00' AND token_symbol = 'TKN11' AND base_token = 'WETH')[0m
  ↳ app/models/token.rb:31
  [1m[36mCACHE TradeHistory Load (0.0ms)[0m  [1m[34mSELECT  `trade_histories`.* FROM `trade_histories` WHERE `trade_histories`.`token_symbol` = 'ZRX' AND `trade_histories`.`base_token` = 'WETH' ORDER BY `trade_histories`.`id` DESC LIMIT 1[0m
  ↳ app/models/token.rb:4
  [1m[36mCACHE TradeHistory Load (0.0ms)[0m  [1m[34mSELECT  `trade_histories`.* FROM `trade_histories` WHERE `trade_histories`.`token_symbol` = 'ZRX' AND `trade_histories`.`base_token` = 'WETH' ORDER BY `trade_histories`.`id` DESC LIMIT 1[0m
  ↳ app/models/token.rb:4
  [1m[36mCACHE TradeHistory Load (0.0ms)[0m  [1m[34mSELECT  `trade_histories`.* FROM `trade_histories` WHERE (created_at > '2018-09-20 17:00:00' AND token_symbol = 'ZRX' AND base_token = 'WETH') ORDER BY `trade_histories`.`id` DESC LIMIT 1[0m
  ↳ app/models/token.rb:14
  [1m[36mCACHE TradeHistory Load (0.0ms)[0m  [1m[34mSELECT  `trade_histories`.* FROM `trade_histories` WHERE (created_at > '2018-09-20 17:00:00' AND token_symbol = 'ZRX' AND base_token = 'WETH') ORDER BY `trade_histories`.`id` DESC LIMIT 1[0m
  ↳ app/models/token.rb:14
  [1m[36mCACHE TradeHistory Load (0.0ms)[0m  [1m[34mSELECT  `trade_histories`.* FROM `trade_histories` WHERE (created_at > '2018-09-20 17:00:00' AND token_symbol = 'ZRX' AND base_token = 'WETH') ORDER BY `trade_histories`.`id` DESC LIMIT 1[0m
  ↳ app/models/token.rb:14
  [1m[36mCACHE TradeHistory Load (0.0ms)[0m  [1m[34mSELECT `trade_histories`.* FROM `trade_histories` WHERE (created_at > '2018-09-20 17:00:00' AND token_symbol = 'ZRX' AND base_token = 'WETH')[0m
  ↳ app/models/token.rb:31
  [1m[36mCACHE TradeHistory Load (0.0ms)[0m  [1m[34mSELECT `trade_histories`.* FROM `trade_histories` WHERE (created_at > '2018-09-20 17:00:00' AND token_symbol = 'ZRX' AND base_token = 'WETH')[0m
  ↳ app/models/token.rb:31
  [1m[36mToken Load (0.2ms)[0m  [1m[34mSELECT `tokens`.* FROM `tokens` WHERE (tm_field = 1) ORDER BY `tokens`.`symbol` ASC[0m
  ↳ app/views/exchange/_market.html.haml:82
  Rendered exchange/_market.html.haml (62.8ms)
  Rendered exchange/_social.html.haml (14.0ms)
  Rendered exchange/_tradeview.html.haml (1.3ms)
  [1m[36mCACHE TradeHistory Load (0.0ms)[0m  [1m[34mSELECT  `trade_histories`.* FROM `trade_histories` WHERE `trade_histories`.`token_symbol` = 'ZRX' AND `trade_histories`.`base_token` = 'WETH' ORDER BY `trade_histories`.`id` DESC LIMIT 1[0m
  ↳ app/models/token.rb:4
  [1m[36mCACHE TradeHistory Load (0.0ms)[0m  [1m[34mSELECT  `trade_histories`.* FROM `trade_histories` WHERE `trade_histories`.`token_symbol` = 'ZRX' AND `trade_histories`.`base_token` = 'WETH' ORDER BY `trade_histories`.`id` DESC LIMIT 1[0m
  ↳ app/models/token.rb:4
  Rendered exchange/_trade.html.haml (30.4ms)
  Rendered exchange/_orderbook.html.haml (7.0ms)
  Rendered exchange/_trade_history.html.haml (7.5ms)
  Rendered exchange/_wallet.html.haml (9.9ms)
  Rendered exchange/_overview.html.haml (10.4ms)
  Rendered exchange/_index_script.html.erb (0.8ms)
  Rendered exchange/_wallet_script.html.erb (0.7ms)
  Rendered exchange/_trade_script.html.erb (1.8ms)
  Rendered exchange/_orderbook_script.html.erb (0.4ms)
  Rendered exchange/_trade_history_script.html.erb (0.3ms)
  Rendered exchange/_market_script.html.erb (0.4ms)
  Rendered exchange/_overview_script.html.erb (0.5ms)
  Rendered exchange/_utils_script.html.erb (1.2ms)
  Rendered exchange/trade.html.haml within layouts/application (216.1ms)
Completed 200 OK in 706ms (Views: 304.7ms | ActiveRecord: 82.2ms)


Started GET "/exchange/ZRX-WETH" for 127.0.0.1 at 2018-09-21 11:38:24 +0700
Processing by ExchangeController#trade as HTML
  Parameters: {"trade_pair"=>"ZRX-WETH"}
  [1m[36mToken Load (1.5ms)[0m  [1m[34mSELECT  `tokens`.* FROM `tokens` WHERE (symbol = 'ZRX') ORDER BY `tokens`.`id` ASC LIMIT 1[0m
  ↳ app/controllers/exchange_controller.rb:355
  [1m[36mOrder Load (0.8ms)[0m  [1m[34mSELECT  sum(amount) as mamount FROM `orders` WHERE `orders`.`base_token` = 'WETH' AND `orders`.`token_symbol` = 'ZRX' AND `orders`.`type` = 1 GROUP BY `orders`.`price` ORDER BY mamount DESC LIMIT 1[0m
  ↳ app/controllers/exchange_controller.rb:361
  [1m[36mOrder Load (5.8ms)[0m  [1m[34mSELECT  sum(amount) as mamount FROM `orders` WHERE `orders`.`base_token` = 'WETH' AND `orders`.`token_symbol` = 'ZRX' AND `orders`.`type` = 0 GROUP BY `orders`.`price` ORDER BY mamount DESC LIMIT 1[0m
  ↳ app/controllers/exchange_controller.rb:362
  [1m[35m (1.1ms)[0m  [1m[34mSELECT MIN(`orders`.`price`) FROM `orders` WHERE `orders`.`base_token` = 'WETH' AND `orders`.`token_symbol` = 'ZRX' AND `orders`.`type` = 0[0m
  ↳ app/controllers/exchange_controller.rb:363
  [1m[35m (0.8ms)[0m  [1m[34mSELECT MAX(`orders`.`price`) FROM `orders` WHERE `orders`.`base_token` = 'WETH' AND `orders`.`token_symbol` = 'ZRX' AND `orders`.`type` = 1[0m
  ↳ app/controllers/exchange_controller.rb:364
  [1m[36mOrder Load (1.0ms)[0m  [1m[34mSELECT type,price,sum(amount) as amount, min(expire) as expire FROM `orders` WHERE `orders`.`base_token` = 'WETH' AND `orders`.`token_symbol` = 'ZRX' AND `orders`.`type` = 1 GROUP BY `orders`.`price` ORDER BY `orders`.`price` DESC[0m
  ↳ app/controllers/exchange_controller.rb:378
  [1m[36mOrder Load (1.1ms)[0m  [1m[34mSELECT type,price,sum(amount) as amount, min(expire) as expire FROM `orders` WHERE `orders`.`base_token` = 'WETH' AND `orders`.`token_symbol` = 'ZRX' AND `orders`.`type` = 0 GROUP BY `orders`.`price` ORDER BY `orders`.`price` ASC[0m
  ↳ app/controllers/exchange_controller.rb:382
  [1m[36mTradeHistory Load (0.7ms)[0m  [1m[34mSELECT `trade_histories`.* FROM `trade_histories` WHERE `trade_histories`.`base_token` = 'WETH' AND `trade_histories`.`token_symbol` = 'ZRX' ORDER BY `trade_histories`.`updated_at` DESC[0m
  ↳ app/controllers/exchange_controller.rb:422
  Rendering exchange/trade.html.haml within layouts/application
  [1m[36mToken Load (0.5ms)[0m  [1m[34mSELECT `tokens`.* FROM `tokens` WHERE (symbol != 'WETH') ORDER BY `tokens`.`symbol` ASC[0m
  ↳ app/views/exchange/_header.html.haml:15
  [1m[36mTradeHistory Load (0.5ms)[0m  [1m[34mSELECT  `trade_histories`.* FROM `trade_histories` WHERE (created_at > '2018-09-20 17:00:00' AND token_symbol = 'B0X' AND base_token = 'B0X') ORDER BY `trade_histories`.`id` DESC LIMIT 1[0m
  ↳ app/models/token.rb:14
  [1m[36mTradeHistory Load (0.5ms)[0m  [1m[34mSELECT `trade_histories`.* FROM `trade_histories` WHERE (created_at > '2018-09-20 17:00:00' AND token_symbol = 'B0X' AND base_token = 'B0X')[0m
  ↳ app/models/token.rb:31
  [1m[36mTradeHistory Load (0.4ms)[0m  [1m[34mSELECT  `trade_histories`.* FROM `trade_histories` WHERE `trade_histories`.`token_symbol` = 'B0X' AND `trade_histories`.`base_token` = 'B0X' ORDER BY `trade_histories`.`id` DESC LIMIT 1[0m
  ↳ app/models/token.rb:4
  [1m[36mTradeHistory Load (0.3ms)[0m  [1m[34mSELECT  `trade_histories`.* FROM `trade_histories` WHERE (created_at > '2018-09-20 17:00:00' AND token_symbol = 'TKN0' AND base_token = 'TKN0') ORDER BY `trade_histories`.`id` DESC LIMIT 1[0m
  ↳ app/models/token.rb:14
  [1m[36mTradeHistory Load (0.3ms)[0m  [1m[34mSELECT `trade_histories`.* FROM `trade_histories` WHERE (created_at > '2018-09-20 17:00:00' AND token_symbol = 'TKN0' AND base_token = 'TKN0')[0m
  ↳ app/models/token.rb:31
  [1m[36mTradeHistory Load (0.3ms)[0m  [1m[34mSELECT  `trade_histories`.* FROM `trade_histories` WHERE `trade_histories`.`token_symbol` = 'TKN0' AND `trade_histories`.`base_token` = 'TKN0' ORDER BY `trade_histories`.`id` DESC LIMIT 1[0m
  ↳ app/models/token.rb:4
  [1m[36mTradeHistory Load (0.3ms)[0m  [1m[34mSELECT  `trade_histories`.* FROM `trade_histories` WHERE (created_at > '2018-09-20 17:00:00' AND token_symbol = 'TKN1' AND base_token = 'TKN1') ORDER BY `trade_histories`.`id` DESC LIMIT 1[0m
  ↳ app/models/token.rb:14
  [1m[36mTradeHistory Load (0.3ms)[0m  [1m[34mSELECT `trade_histories`.* FROM `trade_histories` WHERE (created_at > '2018-09-20 17:00:00' AND token_symbol = 'TKN1' AND base_token = 'TKN1')[0m
  ↳ app/models/token.rb:31
  [1m[36mTradeHistory Load (0.7ms)[0m  [1m[34mSELECT  `trade_histories`.* FROM `trade_histories` WHERE `trade_histories`.`token_symbol` = 'TKN1' AND `trade_histories`.`base_token` = 'TKN1' ORDER BY `trade_histories`.`id` DESC LIMIT 1[0m
  ↳ app/models/token.rb:4
  [1m[36mTradeHistory Load (0.3ms)[0m  [1m[34mSELECT  `trade_histories`.* FROM `trade_histories` WHERE (created_at > '2018-09-20 17:00:00' AND token_symbol = 'TKN10' AND base_token = 'TKN10') ORDER BY `trade_histories`.`id` DESC LIMIT 1[0m
  ↳ app/models/token.rb:14
  [1m[36mTradeHistory Load (0.3ms)[0m  [1m[34mSELECT `trade_histories`.* FROM `trade_histories` WHERE (created_at > '2018-09-20 17:00:00' AND token_symbol = 'TKN10' AND base_token = 'TKN10')[0m
  ↳ app/models/token.rb:31
  [1m[36mTradeHistory Load (0.3ms)[0m  [1m[34mSELECT  `trade_histories`.* FROM `trade_histories` WHERE `trade_histories`.`token_symbol` = 'TKN10' AND `trade_histories`.`base_token` = 'TKN10' ORDER BY `trade_histories`.`id` DESC LIMIT 1[0m
  ↳ app/models/token.rb:4
  [1m[36mTradeHistory Load (0.3ms)[0m  [1m[34mSELECT  `trade_histories`.* FROM `trade_histories` WHERE (created_at > '2018-09-20 17:00:00' AND token_symbol = 'TKN11' AND base_token = 'TKN11') ORDER BY `trade_histories`.`id` DESC LIMIT 1[0m
  ↳ app/models/token.rb:14
  [1m[36mTradeHistory Load (0.7ms)[0m  [1m[34mSELECT `trade_histories`.* FROM `trade_histories` WHERE (created_at > '2018-09-20 17:00:00' AND token_symbol = 'TKN11' AND base_token = 'TKN11')[0m
  ↳ app/models/token.rb:31
  [1m[36mTradeHistory Load (0.3ms)[0m  [1m[34mSELECT  `trade_histories`.* FROM `trade_histories` WHERE `trade_histories`.`token_symbol` = 'TKN11' AND `trade_histories`.`base_token` = 'TKN11' ORDER BY `trade_histories`.`id` DESC LIMIT 1[0m
  ↳ app/models/token.rb:4
  [1m[36mTradeHistory Load (0.3ms)[0m  [1m[34mSELECT  `trade_histories`.* FROM `trade_histories` WHERE (created_at > '2018-09-20 17:00:00' AND token_symbol = 'ZRX' AND base_token = 'ZRX') ORDER BY `trade_histories`.`id` DESC LIMIT 1[0m
  ↳ app/models/token.rb:14
  [1m[36mTradeHistory Load (0.4ms)[0m  [1m[34mSELECT `trade_histories`.* FROM `trade_histories` WHERE (created_at > '2018-09-20 17:00:00' AND token_symbol = 'ZRX' AND base_token = 'ZRX')[0m
  ↳ app/models/token.rb:31
  [1m[36mTradeHistory Load (0.3ms)[0m  [1m[34mSELECT  `trade_histories`.* FROM `trade_histories` WHERE `trade_histories`.`token_symbol` = 'ZRX' AND `trade_histories`.`base_token` = 'ZRX' ORDER BY `trade_histories`.`id` DESC LIMIT 1[0m
  ↳ app/models/token.rb:4
  [1m[36mTradeHistory Load (0.4ms)[0m  [1m[34mSELECT  `trade_histories`.* FROM `trade_histories` WHERE `trade_histories`.`token_symbol` = 'ZRX' AND `trade_histories`.`base_token` = 'WETH' ORDER BY `trade_histories`.`id` DESC LIMIT 1[0m
  ↳ app/models/token.rb:4
  [1m[36mTradeHistory Load (0.3ms)[0m  [1m[34mSELECT  `trade_histories`.* FROM `trade_histories` WHERE (created_at > '2018-09-20 17:00:00' AND token_symbol = 'ZRX' AND base_token = 'WETH') ORDER BY `trade_histories`.`id` DESC LIMIT 1[0m
  ↳ app/models/token.rb:14
  [1m[36mTradeHistory Load (0.3ms)[0m  [1m[34mSELECT `trade_histories`.* FROM `trade_histories` WHERE (created_at > '2018-09-20 17:00:00' AND token_symbol = 'ZRX' AND base_token = 'WETH')[0m
  ↳ app/models/token.rb:31
  Rendered exchange/_header.html.haml (86.7ms)
  [1m[36mTradeHistory Load (0.6ms)[0m  [1m[34mSELECT  `trade_histories`.* FROM `trade_histories` WHERE `trade_histories`.`token_symbol` = 'B0X' AND `trade_histories`.`base_token` = 'WETH' ORDER BY `trade_histories`.`id` DESC LIMIT 1[0m
  ↳ app/models/token.rb:4
  [1m[36mCACHE TradeHistory Load (0.0ms)[0m  [1m[34mSELECT  `trade_histories`.* FROM `trade_histories` WHERE `trade_histories`.`token_symbol` = 'B0X' AND `trade_histories`.`base_token` = 'WETH' ORDER BY `trade_histories`.`id` DESC LIMIT 1[0m
  ↳ app/models/token.rb:4
  [1m[36mTradeHistory Load (0.2ms)[0m  [1m[34mSELECT  `trade_histories`.* FROM `trade_histories` WHERE (created_at > '2018-09-20 17:00:00' AND token_symbol = 'B0X' AND base_token = 'WETH') ORDER BY `trade_histories`.`id` DESC LIMIT 1[0m
  ↳ app/models/token.rb:14
  [1m[36mCACHE TradeHistory Load (0.0ms)[0m  [1m[34mSELECT  `trade_histories`.* FROM `trade_histories` WHERE (created_at > '2018-09-20 17:00:00' AND token_symbol = 'B0X' AND base_token = 'WETH') ORDER BY `trade_histories`.`id` DESC LIMIT 1[0m
  ↳ app/models/token.rb:14
  [1m[36mCACHE TradeHistory Load (0.0ms)[0m  [1m[34mSELECT  `trade_histories`.* FROM `trade_histories` WHERE (created_at > '2018-09-20 17:00:00' AND token_symbol = 'B0X' AND base_token = 'WETH') ORDER BY `trade_histories`.`id` DESC LIMIT 1[0m
  ↳ app/models/token.rb:14
  [1m[36mTradeHistory Load (0.2ms)[0m  [1m[34mSELECT `trade_histories`.* FROM `trade_histories` WHERE (created_at > '2018-09-20 17:00:00' AND token_symbol = 'B0X' AND base_token = 'WETH')[0m
  ↳ app/models/token.rb:31
  [1m[36mCACHE TradeHistory Load (0.0ms)[0m  [1m[34mSELECT `trade_histories`.* FROM `trade_histories` WHERE (created_at > '2018-09-20 17:00:00' AND token_symbol = 'B0X' AND base_token = 'WETH')[0m
  ↳ app/models/token.rb:31
  [1m[36mTradeHistory Load (0.3ms)[0m  [1m[34mSELECT  `trade_histories`.* FROM `trade_histories` WHERE `trade_histories`.`token_symbol` = 'TKN0' AND `trade_histories`.`base_token` = 'WETH' ORDER BY `trade_histories`.`id` DESC LIMIT 1[0m
  ↳ app/models/token.rb:4
  [1m[36mCACHE TradeHistory Load (0.0ms)[0m  [1m[34mSELECT  `trade_histories`.* FROM `trade_histories` WHERE `trade_histories`.`token_symbol` = 'TKN0' AND `trade_histories`.`base_token` = 'WETH' ORDER BY `trade_histories`.`id` DESC LIMIT 1[0m
  ↳ app/models/token.rb:4
  [1m[36mTradeHistory Load (0.3ms)[0m  [1m[34mSELECT  `trade_histories`.* FROM `trade_histories` WHERE (created_at > '2018-09-20 17:00:00' AND token_symbol = 'TKN0' AND base_token = 'WETH') ORDER BY `trade_histories`.`id` DESC LIMIT 1[0m
  ↳ app/models/token.rb:14
  [1m[36mCACHE TradeHistory Load (0.0ms)[0m  [1m[34mSELECT  `trade_histories`.* FROM `trade_histories` WHERE (created_at > '2018-09-20 17:00:00' AND token_symbol = 'TKN0' AND base_token = 'WETH') ORDER BY `trade_histories`.`id` DESC LIMIT 1[0m
  ↳ app/models/token.rb:14
  [1m[36mCACHE TradeHistory Load (0.0ms)[0m  [1m[34mSELECT  `trade_histories`.* FROM `trade_histories` WHERE (created_at > '2018-09-20 17:00:00' AND token_symbol = 'TKN0' AND base_token = 'WETH') ORDER BY `trade_histories`.`id` DESC LIMIT 1[0m
  ↳ app/models/token.rb:14
  [1m[36mTradeHistory Load (0.3ms)[0m  [1m[34mSELECT `trade_histories`.* FROM `trade_histories` WHERE (created_at > '2018-09-20 17:00:00' AND token_symbol = 'TKN0' AND base_token = 'WETH')[0m
  ↳ app/models/token.rb:31
  [1m[36mCACHE TradeHistory Load (0.0ms)[0m  [1m[34mSELECT `trade_histories`.* FROM `trade_histories` WHERE (created_at > '2018-09-20 17:00:00' AND token_symbol = 'TKN0' AND base_token = 'WETH')[0m
  ↳ app/models/token.rb:31
  [1m[36mTradeHistory Load (0.3ms)[0m  [1m[34mSELECT  `trade_histories`.* FROM `trade_histories` WHERE `trade_histories`.`token_symbol` = 'TKN1' AND `trade_histories`.`base_token` = 'WETH' ORDER BY `trade_histories`.`id` DESC LIMIT 1[0m
  ↳ app/models/token.rb:4
  [1m[36mCACHE TradeHistory Load (0.0ms)[0m  [1m[34mSELECT  `trade_histories`.* FROM `trade_histories` WHERE `trade_histories`.`token_symbol` = 'TKN1' AND `trade_histories`.`base_token` = 'WETH' ORDER BY `trade_histories`.`id` DESC LIMIT 1[0m
  ↳ app/models/token.rb:4
  [1m[36mTradeHistory Load (0.3ms)[0m  [1m[34mSELECT  `trade_histories`.* FROM `trade_histories` WHERE (created_at > '2018-09-20 17:00:00' AND token_symbol = 'TKN1' AND base_token = 'WETH') ORDER BY `trade_histories`.`id` DESC LIMIT 1[0m
  ↳ app/models/token.rb:14
  [1m[36mCACHE TradeHistory Load (0.0ms)[0m  [1m[34mSELECT  `trade_histories`.* FROM `trade_histories` WHERE (created_at > '2018-09-20 17:00:00' AND token_symbol = 'TKN1' AND base_token = 'WETH') ORDER BY `trade_histories`.`id` DESC LIMIT 1[0m
  ↳ app/models/token.rb:14
  [1m[36mCACHE TradeHistory Load (0.0ms)[0m  [1m[34mSELECT  `trade_histories`.* FROM `trade_histories` WHERE (created_at > '2018-09-20 17:00:00' AND token_symbol = 'TKN1' AND base_token = 'WETH') ORDER BY `trade_histories`.`id` DESC LIMIT 1[0m
  ↳ app/models/token.rb:14
  [1m[36mTradeHistory Load (0.3ms)[0m  [1m[34mSELECT `trade_histories`.* FROM `trade_histories` WHERE (created_at > '2018-09-20 17:00:00' AND token_symbol = 'TKN1' AND base_token = 'WETH')[0m
  ↳ app/models/token.rb:31
  [1m[36mCACHE TradeHistory Load (0.0ms)[0m  [1m[34mSELECT `trade_histories`.* FROM `trade_histories` WHERE (created_at > '2018-09-20 17:00:00' AND token_symbol = 'TKN1' AND base_token = 'WETH')[0m
  ↳ app/models/token.rb:31
  [1m[36mTradeHistory Load (0.3ms)[0m  [1m[34mSELECT  `trade_histories`.* FROM `trade_histories` WHERE `trade_histories`.`token_symbol` = 'TKN10' AND `trade_histories`.`base_token` = 'WETH' ORDER BY `trade_histories`.`id` DESC LIMIT 1[0m
  ↳ app/models/token.rb:4
  [1m[36mCACHE TradeHistory Load (0.0ms)[0m  [1m[34mSELECT  `trade_histories`.* FROM `trade_histories` WHERE `trade_histories`.`token_symbol` = 'TKN10' AND `trade_histories`.`base_token` = 'WETH' ORDER BY `trade_histories`.`id` DESC LIMIT 1[0m
  ↳ app/models/token.rb:4
  [1m[36mTradeHistory Load (0.3ms)[0m  [1m[34mSELECT  `trade_histories`.* FROM `trade_histories` WHERE (created_at > '2018-09-20 17:00:00' AND token_symbol = 'TKN10' AND base_token = 'WETH') ORDER BY `trade_histories`.`id` DESC LIMIT 1[0m
  ↳ app/models/token.rb:14
  [1m[36mCACHE TradeHistory Load (0.0ms)[0m  [1m[34mSELECT  `trade_histories`.* FROM `trade_histories` WHERE (created_at > '2018-09-20 17:00:00' AND token_symbol = 'TKN10' AND base_token = 'WETH') ORDER BY `trade_histories`.`id` DESC LIMIT 1[0m
  ↳ app/models/token.rb:14
  [1m[36mCACHE TradeHistory Load (0.0ms)[0m  [1m[34mSELECT  `trade_histories`.* FROM `trade_histories` WHERE (created_at > '2018-09-20 17:00:00' AND token_symbol = 'TKN10' AND base_token = 'WETH') ORDER BY `trade_histories`.`id` DESC LIMIT 1[0m
  ↳ app/models/token.rb:14
  [1m[36mTradeHistory Load (0.3ms)[0m  [1m[34mSELECT `trade_histories`.* FROM `trade_histories` WHERE (created_at > '2018-09-20 17:00:00' AND token_symbol = 'TKN10' AND base_token = 'WETH')[0m
  ↳ app/models/token.rb:31
  [1m[36mCACHE TradeHistory Load (0.0ms)[0m  [1m[34mSELECT `trade_histories`.* FROM `trade_histories` WHERE (created_at > '2018-09-20 17:00:00' AND token_symbol = 'TKN10' AND base_token = 'WETH')[0m
  ↳ app/models/token.rb:31
  [1m[36mTradeHistory Load (0.2ms)[0m  [1m[34mSELECT  `trade_histories`.* FROM `trade_histories` WHERE `trade_histories`.`token_symbol` = 'TKN11' AND `trade_histories`.`base_token` = 'WETH' ORDER BY `trade_histories`.`id` DESC LIMIT 1[0m
  ↳ app/models/token.rb:4
  [1m[36mCACHE TradeHistory Load (0.0ms)[0m  [1m[34mSELECT  `trade_histories`.* FROM `trade_histories` WHERE `trade_histories`.`token_symbol` = 'TKN11' AND `trade_histories`.`base_token` = 'WETH' ORDER BY `trade_histories`.`id` DESC LIMIT 1[0m
  ↳ app/models/token.rb:4
  [1m[36mTradeHistory Load (0.2ms)[0m  [1m[34mSELECT  `trade_histories`.* FROM `trade_histories` WHERE (created_at > '2018-09-20 17:00:00' AND token_symbol = 'TKN11' AND base_token = 'WETH') ORDER BY `trade_histories`.`id` DESC LIMIT 1[0m
  ↳ app/models/token.rb:14
  [1m[36mCACHE TradeHistory Load (0.0ms)[0m  [1m[34mSELECT  `trade_histories`.* FROM `trade_histories` WHERE (created_at > '2018-09-20 17:00:00' AND token_symbol = 'TKN11' AND base_token = 'WETH') ORDER BY `trade_histories`.`id` DESC LIMIT 1[0m
  ↳ app/models/token.rb:14
  [1m[36mCACHE TradeHistory Load (0.0ms)[0m  [1m[34mSELECT  `trade_histories`.* FROM `trade_histories` WHERE (created_at > '2018-09-20 17:00:00' AND token_symbol = 'TKN11' AND base_token = 'WETH') ORDER BY `trade_histories`.`id` DESC LIMIT 1[0m
  ↳ app/models/token.rb:14
  [1m[36mTradeHistory Load (0.3ms)[0m  [1m[34mSELECT `trade_histories`.* FROM `trade_histories` WHERE (created_at > '2018-09-20 17:00:00' AND token_symbol = 'TKN11' AND base_token = 'WETH')[0m
  ↳ app/models/token.rb:31
  [1m[36mCACHE TradeHistory Load (0.0ms)[0m  [1m[34mSELECT `trade_histories`.* FROM `trade_histories` WHERE (created_at > '2018-09-20 17:00:00' AND token_symbol = 'TKN11' AND base_token = 'WETH')[0m
  ↳ app/models/token.rb:31
  [1m[36mCACHE TradeHistory Load (0.0ms)[0m  [1m[34mSELECT  `trade_histories`.* FROM `trade_histories` WHERE `trade_histories`.`token_symbol` = 'ZRX' AND `trade_histories`.`base_token` = 'WETH' ORDER BY `trade_histories`.`id` DESC LIMIT 1[0m
  ↳ app/models/token.rb:4
  [1m[36mCACHE TradeHistory Load (0.0ms)[0m  [1m[34mSELECT  `trade_histories`.* FROM `trade_histories` WHERE `trade_histories`.`token_symbol` = 'ZRX' AND `trade_histories`.`base_token` = 'WETH' ORDER BY `trade_histories`.`id` DESC LIMIT 1[0m
  ↳ app/models/token.rb:4
  [1m[36mCACHE TradeHistory Load (0.0ms)[0m  [1m[34mSELECT  `trade_histories`.* FROM `trade_histories` WHERE (created_at > '2018-09-20 17:00:00' AND token_symbol = 'ZRX' AND base_token = 'WETH') ORDER BY `trade_histories`.`id` DESC LIMIT 1[0m
  ↳ app/models/token.rb:14
  [1m[36mCACHE TradeHistory Load (0.0ms)[0m  [1m[34mSELECT  `trade_histories`.* FROM `trade_histories` WHERE (created_at > '2018-09-20 17:00:00' AND token_symbol = 'ZRX' AND base_token = 'WETH') ORDER BY `trade_histories`.`id` DESC LIMIT 1[0m
  ↳ app/models/token.rb:14
  [1m[36mCACHE TradeHistory Load (0.0ms)[0m  [1m[34mSELECT  `trade_histories`.* FROM `trade_histories` WHERE (created_at > '2018-09-20 17:00:00' AND token_symbol = 'ZRX' AND base_token = 'WETH') ORDER BY `trade_histories`.`id` DESC LIMIT 1[0m
  ↳ app/models/token.rb:14
  [1m[36mCACHE TradeHistory Load (0.0ms)[0m  [1m[34mSELECT `trade_histories`.* FROM `trade_histories` WHERE (created_at > '2018-09-20 17:00:00' AND token_symbol = 'ZRX' AND base_token = 'WETH')[0m
  ↳ app/models/token.rb:31
  [1m[36mCACHE TradeHistory Load (0.0ms)[0m  [1m[34mSELECT `trade_histories`.* FROM `trade_histories` WHERE (created_at > '2018-09-20 17:00:00' AND token_symbol = 'ZRX' AND base_token = 'WETH')[0m
  ↳ app/models/token.rb:31
  [1m[36mToken Load (0.2ms)[0m  [1m[34mSELECT `tokens`.* FROM `tokens` WHERE (tm_field = 1) ORDER BY `tokens`.`symbol` ASC[0m
  ↳ app/views/exchange/_market.html.haml:82
  Rendered exchange/_market.html.haml (59.4ms)
  Rendered exchange/_social.html.haml (8.4ms)
  Rendered exchange/_tradeview.html.haml (2.1ms)
  [1m[36mCACHE TradeHistory Load (0.0ms)[0m  [1m[34mSELECT  `trade_histories`.* FROM `trade_histories` WHERE `trade_histories`.`token_symbol` = 'ZRX' AND `trade_histories`.`base_token` = 'WETH' ORDER BY `trade_histories`.`id` DESC LIMIT 1[0m
  ↳ app/models/token.rb:4
  [1m[36mCACHE TradeHistory Load (0.0ms)[0m  [1m[34mSELECT  `trade_histories`.* FROM `trade_histories` WHERE `trade_histories`.`token_symbol` = 'ZRX' AND `trade_histories`.`base_token` = 'WETH' ORDER BY `trade_histories`.`id` DESC LIMIT 1[0m
  ↳ app/models/token.rb:4
  Rendered exchange/_trade.html.haml (35.1ms)
  Rendered exchange/_orderbook.html.haml (7.2ms)
  Rendered exchange/_trade_history.html.haml (11.5ms)
  Rendered exchange/_wallet.html.haml (9.9ms)
  Rendered exchange/_overview.html.haml (8.8ms)
  Rendered exchange/_index_script.html.erb (0.8ms)
  Rendered exchange/_wallet_script.html.erb (0.7ms)
  Rendered exchange/_trade_script.html.erb (1.2ms)
  Rendered exchange/_orderbook_script.html.erb (0.3ms)
  Rendered exchange/_trade_history_script.html.erb (0.3ms)
  Rendered exchange/_market_script.html.erb (0.3ms)
  Rendered exchange/_overview_script.html.erb (0.5ms)
  Rendered exchange/_utils_script.html.erb (1.8ms)
  Rendered exchange/trade.html.haml within layouts/application (257.8ms)
Completed 200 OK in 424ms (Views: 372.0ms | ActiveRecord: 26.1ms)


Started POST "/exchange/get_messages" for 127.0.0.1 at 2018-09-21 11:38:24 +0700
Processing by ExchangeController#get_messages as JSON
  Parameters: {"param1"=>"1"}
  [1m[36mMessage Load (0.4ms)[0m  [1m[34mSELECT `messages`.* FROM `messages` WHERE `messages`.`room_id` = 1 ORDER BY `messages`.`created_at` ASC[0m
  ↳ app/controllers/exchange_controller.rb:1400
  [1m[36mUser Load (0.3ms)[0m  [1m[34mSELECT  `users`.* FROM `users` WHERE `users`.`id` = 1 LIMIT 1[0m
  ↳ app/controllers/exchange_controller.rb:1403
  [1m[36mCACHE User Load (0.0ms)[0m  [1m[34mSELECT  `users`.* FROM `users` WHERE `users`.`id` = 1 LIMIT 1[0m  [["id", 1], ["LIMIT", 1]]
  ↳ app/controllers/exchange_controller.rb:1403
  [1m[36mCACHE User Load (0.0ms)[0m  [1m[34mSELECT  `users`.* FROM `users` WHERE `users`.`id` = 1 LIMIT 1[0m  [["id", 1], ["LIMIT", 1]]
  ↳ app/controllers/exchange_controller.rb:1403
  [1m[36mCACHE User Load (0.0ms)[0m  [1m[34mSELECT  `users`.* FROM `users` WHERE `users`.`id` = 1 LIMIT 1[0m  [["id", 1], ["LIMIT", 1]]
  ↳ app/controllers/exchange_controller.rb:1403
  [1m[36mUser Load (0.3ms)[0m  [1m[34mSELECT  `users`.* FROM `users` WHERE `users`.`id` = 4 LIMIT 1[0m
  ↳ app/controllers/exchange_controller.rb:1403
  [1m[36mCACHE User Load (0.0ms)[0m  [1m[34mSELECT  `users`.* FROM `users` WHERE `users`.`id` = 4 LIMIT 1[0m  [["id", 4], ["LIMIT", 1]]
  ↳ app/controllers/exchange_controller.rb:1403
  [1m[36mCACHE User Load (0.0ms)[0m  [1m[34mSELECT  `users`.* FROM `users` WHERE `users`.`id` = 4 LIMIT 1[0m  [["id", 4], ["LIMIT", 1]]
  ↳ app/controllers/exchange_controller.rb:1403
  [1m[36mCACHE User Load (0.0ms)[0m  [1m[34mSELECT  `users`.* FROM `users` WHERE `users`.`id` = 4 LIMIT 1[0m  [["id", 4], ["LIMIT", 1]]
  ↳ app/controllers/exchange_controller.rb:1403
  [1m[36mCACHE User Load (0.0ms)[0m  [1m[34mSELECT  `users`.* FROM `users` WHERE `users`.`id` = 1 LIMIT 1[0m  [["id", 1], ["LIMIT", 1]]
  ↳ app/controllers/exchange_controller.rb:1403
  [1m[36mCACHE User Load (0.0ms)[0m  [1m[34mSELECT  `users`.* FROM `users` WHERE `users`.`id` = 4 LIMIT 1[0m  [["id", 4], ["LIMIT", 1]]
  ↳ app/controllers/exchange_controller.rb:1403
  [1m[36mCACHE User Load (0.0ms)[0m  [1m[34mSELECT  `users`.* FROM `users` WHERE `users`.`id` = 1 LIMIT 1[0m  [["id", 1], ["LIMIT", 1]]
  ↳ app/controllers/exchange_controller.rb:1403
  [1m[36mCACHE User Load (0.0ms)[0m  [1m[34mSELECT  `users`.* FROM `users` WHERE `users`.`id` = 1 LIMIT 1[0m  [["id", 1], ["LIMIT", 1]]
  ↳ app/controllers/exchange_controller.rb:1403
  [1m[36mCACHE User Load (0.0ms)[0m  [1m[34mSELECT  `users`.* FROM `users` WHERE `users`.`id` = 1 LIMIT 1[0m  [["id", 1], ["LIMIT", 1]]
  ↳ app/controllers/exchange_controller.rb:1403
  [1m[36mCACHE User Load (0.0ms)[0m  [1m[34mSELECT  `users`.* FROM `users` WHERE `users`.`id` = 1 LIMIT 1[0m  [["id", 1], ["LIMIT", 1]]
  ↳ app/controllers/exchange_controller.rb:1403
No serializer found for resource: {:content=>"Hi", :nick_name=>"TEST", :contract_address=>"0x3360debda575e4564709bbb3b098627444a7b191"}
[active_model_serializers] Rendered ActiveModel::Serializer::CollectionSerializer with Array (7.89ms)
Completed 200 OK in 115ms (Views: 12.6ms | ActiveRecord: 6.0ms)


Started POST "/exchange/get_init_data" for 127.0.0.1 at 2018-09-21 11:38:24 +0700
Processing by ExchangeController#get_init_data as JSON
Started POST "/exchange/get_orders" for 127.0.0.1 at 2018-09-21 11:38:24 +0700
  Parameters: {"base_token"=>"WETH", "token_symbol"=>"ZRX", "token_address"=>"0xa8e9fa8f91e5ae138c74648c9c304f1c75003a8d"}
Processing by ExchangeController#get_orders as JSON
  Parameters: {"symbol"=>"ZRX", "base_token"=>"WETH"}
  [1m[36mOrder Load (0.2ms)[0m  [1m[34mSELECT  price,type FROM `orders` WHERE (base_token = 'WETH' AND token_symbol = 'ZRX') ORDER BY `orders`.`id` DESC LIMIT 1[0m
  ↳ app/controllers/exchange_controller.rb:1435
  [1m[36mOrder Load (0.3ms)[0m  [1m[34mSELECT  sum(amount) as mamount FROM `orders` WHERE `orders`.`base_token` = 'WETH' AND `orders`.`token_symbol` = 'ZRX' AND `orders`.`type` = 1 GROUP BY `orders`.`price` ORDER BY mamount DESC LIMIT 1[0m
  ↳ app/controllers/exchange_controller.rb:1457
  [1m[36mOrder Load (1.6ms)[0m  [1m[34mSELECT  sum(amount) as mamount FROM `orders` WHERE `orders`.`base_token` = 'WETH' AND `orders`.`token_symbol` = 'ZRX' AND `orders`.`type` = 0 GROUP BY `orders`.`price` ORDER BY mamount DESC LIMIT 1[0m
  ↳ app/controllers/exchange_controller.rb:1458
  [1m[35m (0.3ms)[0m  [1m[34mSELECT MIN(`orders`.`price`) FROM `orders` WHERE `orders`.`base_token` = 'WETH' AND `orders`.`token_symbol` = 'ZRX' AND `orders`.`type` = 0[0m
  ↳ app/controllers/exchange_controller.rb:1459
  [1m[35m (0.5ms)[0m  [1m[34mSELECT MAX(`orders`.`price`) FROM `orders` WHERE `orders`.`base_token` = 'WETH' AND `orders`.`token_symbol` = 'ZRX' AND `orders`.`type` = 1[0m
  ↳ app/controllers/exchange_controller.rb:1460
[active_model_serializers]   [1m[36mOrder Load (0.3ms)[0m  [1m[34mSELECT type,price,sum(amount) as amount, min(expire) as expire FROM `orders` WHERE `orders`.`base_token` = 'WETH' AND `orders`.`token_symbol` = 'ZRX' AND `orders`.`type` = 1 GROUP BY `orders`.`price` ORDER BY `orders`.`price` DESC[0m
[active_model_serializers]   ↳ app/controllers/exchange_controller.rb:1483
[active_model_serializers]   [1m[36mOrder Load (3.9ms)[0m  [1m[34mSELECT type,price,sum(amount) as amount, min(expire) as expire FROM `orders` WHERE `orders`.`base_token` = 'WETH' AND `orders`.`token_symbol` = 'ZRX' AND `orders`.`type` = 0 GROUP BY `orders`.`price` ORDER BY `orders`.`price` ASC[0m
[active_model_serializers]   ↳ app/controllers/exchange_controller.rb:1483
[active_model_serializers] Rendered ActiveModel::Serializer::Null with Hash (5.64ms)
Completed 200 OK in 15ms (Views: 2.0ms | ActiveRecord: 7.6ms)


Started POST "/exchange/get_trade_history" for 127.0.0.1 at 2018-09-21 11:38:24 +0700
Processing by ExchangeController#get_trade_history as JSON
  Parameters: {"symbol"=>"ZRX", "base_token"=>"WETH"}
[active_model_serializers]   [1m[36mTradeHistory Load (0.3ms)[0m  [1m[34mSELECT `trade_histories`.* FROM `trade_histories` WHERE `trade_histories`.`base_token` = 'WETH' AND `trade_histories`.`token_symbol` = 'ZRX' ORDER BY `trade_histories`.`updated_at` DESC[0m
[active_model_serializers]   ↳ app/controllers/exchange_controller.rb:1743
[active_model_serializers] Rendered ActiveModel::Serializer::Null with Hash (1.14ms)
Completed 200 OK in 2ms (Views: 1.1ms | ActiveRecord: 0.3ms)


  [1m[36mToken Load (0.3ms)[0m  [1m[34mSELECT `tokens`.* FROM `tokens` WHERE (symbol != 'WETH') ORDER BY `tokens`.`symbol` ASC[0m
  ↳ app/controllers/exchange_controller.rb:569
  [1m[36mTradeHistory Load (0.3ms)[0m  [1m[34mSELECT  `trade_histories`.* FROM `trade_histories` WHERE `trade_histories`.`token_symbol` = 'B0X' AND `trade_histories`.`base_token` = 'WETH' ORDER BY `trade_histories`.`id` DESC LIMIT 1[0m
  ↳ app/models/token.rb:4
  [1m[36mTradeHistory Load (0.5ms)[0m  [1m[34mSELECT  `trade_histories`.* FROM `trade_histories` WHERE (created_at > '2018-09-20 17:00:00' AND token_symbol = 'B0X' AND base_token = 'WETH') ORDER BY `trade_histories`.`id` DESC LIMIT 1[0m
  ↳ app/models/token.rb:14
  [1m[36mTradeHistory Load (0.4ms)[0m  [1m[34mSELECT `trade_histories`.* FROM `trade_histories` WHERE (created_at > '2018-09-20 17:00:00' AND token_symbol = 'B0X' AND base_token = 'WETH')[0m
  ↳ app/models/token.rb:31
  [1m[36mTradeHistory Load (0.3ms)[0m  [1m[34mSELECT  `trade_histories`.* FROM `trade_histories` WHERE `trade_histories`.`token_symbol` = 'TKN0' AND `trade_histories`.`base_token` = 'WETH' ORDER BY `trade_histories`.`id` DESC LIMIT 1[0m
  ↳ app/models/token.rb:4
  [1m[36mTradeHistory Load (0.4ms)[0m  [1m[34mSELECT  `trade_histories`.* FROM `trade_histories` WHERE (created_at > '2018-09-20 17:00:00' AND token_symbol = 'TKN0' AND base_token = 'WETH') ORDER BY `trade_histories`.`id` DESC LIMIT 1[0m
  ↳ app/models/token.rb:14
  [1m[36mTradeHistory Load (0.3ms)[0m  [1m[34mSELECT `trade_histories`.* FROM `trade_histories` WHERE (created_at > '2018-09-20 17:00:00' AND token_symbol = 'TKN0' AND base_token = 'WETH')[0m
  ↳ app/models/token.rb:31
  [1m[36mTradeHistory Load (0.3ms)[0m  [1m[34mSELECT  `trade_histories`.* FROM `trade_histories` WHERE `trade_histories`.`token_symbol` = 'TKN1' AND `trade_histories`.`base_token` = 'WETH' ORDER BY `trade_histories`.`id` DESC LIMIT 1[0m
  ↳ app/models/token.rb:4
  [1m[36mTradeHistory Load (0.3ms)[0m  [1m[34mSELECT  `trade_histories`.* FROM `trade_histories` WHERE (created_at > '2018-09-20 17:00:00' AND token_symbol = 'TKN1' AND base_token = 'WETH') ORDER BY `trade_histories`.`id` DESC LIMIT 1[0m
  ↳ app/models/token.rb:14
  [1m[36mTradeHistory Load (0.3ms)[0m  [1m[34mSELECT `trade_histories`.* FROM `trade_histories` WHERE (created_at > '2018-09-20 17:00:00' AND token_symbol = 'TKN1' AND base_token = 'WETH')[0m
  ↳ app/models/token.rb:31
  [1m[36mTradeHistory Load (0.3ms)[0m  [1m[34mSELECT  `trade_histories`.* FROM `trade_histories` WHERE `trade_histories`.`token_symbol` = 'TKN10' AND `trade_histories`.`base_token` = 'WETH' ORDER BY `trade_histories`.`id` DESC LIMIT 1[0m
  ↳ app/models/token.rb:4
  [1m[36mTradeHistory Load (0.3ms)[0m  [1m[34mSELECT  `trade_histories`.* FROM `trade_histories` WHERE (created_at > '2018-09-20 17:00:00' AND token_symbol = 'TKN10' AND base_token = 'WETH') ORDER BY `trade_histories`.`id` DESC LIMIT 1[0m
  ↳ app/models/token.rb:14
  [1m[36mTradeHistory Load (0.3ms)[0m  [1m[34mSELECT `trade_histories`.* FROM `trade_histories` WHERE (created_at > '2018-09-20 17:00:00' AND token_symbol = 'TKN10' AND base_token = 'WETH')[0m
  ↳ app/models/token.rb:31
  [1m[36mTradeHistory Load (0.3ms)[0m  [1m[34mSELECT  `trade_histories`.* FROM `trade_histories` WHERE `trade_histories`.`token_symbol` = 'TKN11' AND `trade_histories`.`base_token` = 'WETH' ORDER BY `trade_histories`.`id` DESC LIMIT 1[0m
  ↳ app/models/token.rb:4
  [1m[36mTradeHistory Load (0.3ms)[0m  [1m[34mSELECT  `trade_histories`.* FROM `trade_histories` WHERE (created_at > '2018-09-20 17:00:00' AND token_symbol = 'TKN11' AND base_token = 'WETH') ORDER BY `trade_histories`.`id` DESC LIMIT 1[0m
  ↳ app/models/token.rb:14
  [1m[36mTradeHistory Load (0.3ms)[0m  [1m[34mSELECT `trade_histories`.* FROM `trade_histories` WHERE (created_at > '2018-09-20 17:00:00' AND token_symbol = 'TKN11' AND base_token = 'WETH')[0m
  ↳ app/models/token.rb:31
  [1m[36mTradeHistory Load (0.3ms)[0m  [1m[34mSELECT  `trade_histories`.* FROM `trade_histories` WHERE `trade_histories`.`token_symbol` = 'ZRX' AND `trade_histories`.`base_token` = 'WETH' ORDER BY `trade_histories`.`id` DESC LIMIT 1[0m
  ↳ app/models/token.rb:4
  [1m[36mTradeHistory Load (0.3ms)[0m  [1m[34mSELECT  `trade_histories`.* FROM `trade_histories` WHERE (created_at > '2018-09-20 17:00:00' AND token_symbol = 'ZRX' AND base_token = 'WETH') ORDER BY `trade_histories`.`id` DESC LIMIT 1[0m
  ↳ app/models/token.rb:14
  [1m[36mTradeHistory Load (0.3ms)[0m  [1m[34mSELECT `trade_histories`.* FROM `trade_histories` WHERE (created_at > '2018-09-20 17:00:00' AND token_symbol = 'ZRX' AND base_token = 'WETH')[0m
  ↳ app/models/token.rb:31
  [1m[36mToken Load (0.3ms)[0m  [1m[34mSELECT `tokens`.* FROM `tokens` WHERE (tm_field = 1) ORDER BY `tokens`.`symbol` ASC[0m
  ↳ app/controllers/exchange_controller.rb:583
  [1m[36mToken Load (0.3ms)[0m  [1m[34mSELECT  `tokens`.* FROM `tokens` WHERE `tokens`.`symbol` = 'ZRX' ORDER BY `tokens`.`id` ASC LIMIT 1[0m
  ↳ app/controllers/exchange_controller.rb:598
  [1m[36mCACHE TradeHistory Load (0.0ms)[0m  [1m[34mSELECT  `trade_histories`.* FROM `trade_histories` WHERE `trade_histories`.`token_symbol` = 'ZRX' AND `trade_histories`.`base_token` = 'WETH' ORDER BY `trade_histories`.`id` DESC LIMIT 1[0m
  ↳ app/models/token.rb:4
  [1m[36mCACHE TradeHistory Load (0.0ms)[0m  [1m[34mSELECT  `trade_histories`.* FROM `trade_histories` WHERE (created_at > '2018-09-20 17:00:00' AND token_symbol = 'ZRX' AND base_token = 'WETH') ORDER BY `trade_histories`.`id` DESC LIMIT 1[0m
  ↳ app/models/token.rb:14
  [1m[36mCACHE TradeHistory Load (0.0ms)[0m  [1m[34mSELECT `trade_histories`.* FROM `trade_histories` WHERE (created_at > '2018-09-20 17:00:00' AND token_symbol = 'ZRX' AND base_token = 'WETH')[0m
  ↳ app/models/token.rb:31
[active_model_serializers] Rendered ActiveModel::Serializer::Null with Hash (0.59ms)
Completed 200 OK in 1173ms (Views: 1.0ms | ActiveRecord: 6.6ms)


Started GET "/" for 127.0.0.1 at 2018-09-21 11:38:28 +0700
Processing by ExchangeController#index as HTML
  Rendering exchange/index.html.haml within layouts/application
  Rendered exchange/index.html.haml within layouts/application (78.8ms)
Completed 200 OK in 229ms (Views: 227.3ms | ActiveRecord: 0.0ms)


Started POST "/get_messages" for 127.0.0.1 at 2018-09-21 11:38:28 +0700
  
ActionController::RoutingError (No route matches [POST] "/get_messages"):
  
actionpack (5.2.1) lib/action_dispatch/middleware/debug_exceptions.rb:65:in `call'
web-console (3.7.0) lib/web_console/middleware.rb:135:in `call_app'
web-console (3.7.0) lib/web_console/middleware.rb:30:in `block in call'
web-console (3.7.0) lib/web_console/middleware.rb:20:in `catch'
web-console (3.7.0) lib/web_console/middleware.rb:20:in `call'
actionpack (5.2.1) lib/action_dispatch/middleware/show_exceptions.rb:33:in `call'
railties (5.2.1) lib/rails/rack/logger.rb:38:in `call_app'
railties (5.2.1) lib/rails/rack/logger.rb:26:in `block in call'
activesupport (5.2.1) lib/active_support/tagged_logging.rb:71:in `block in tagged'
activesupport (5.2.1) lib/active_support/tagged_logging.rb:28:in `tagged'
activesupport (5.2.1) lib/active_support/tagged_logging.rb:71:in `tagged'
railties (5.2.1) lib/rails/rack/logger.rb:26:in `call'
sprockets-rails (3.2.1) lib/sprockets/rails/quiet_assets.rb:13:in `call'
actionpack (5.2.1) lib/action_dispatch/middleware/remote_ip.rb:81:in `call'
actionpack (5.2.1) lib/action_dispatch/middleware/request_id.rb:27:in `call'
rack (2.0.5) lib/rack/method_override.rb:22:in `call'
rack (2.0.5) lib/rack/runtime.rb:22:in `call'
activesupport (5.2.1) lib/active_support/cache/strategy/local_cache_middleware.rb:29:in `call'
actionpack (5.2.1) lib/action_dispatch/middleware/executor.rb:14:in `call'
actionpack (5.2.1) lib/action_dispatch/middleware/static.rb:127:in `call'
rack (2.0.5) lib/rack/sendfile.rb:111:in `call'
railties (5.2.1) lib/rails/engine.rb:524:in `call'
puma (3.12.0) lib/puma/configuration.rb:225:in `call'
puma (3.12.0) lib/puma/server.rb:658:in `handle_request'
puma (3.12.0) lib/puma/server.rb:472:in `process_client'
puma (3.12.0) lib/puma/server.rb:332:in `block in run'
puma (3.12.0) lib/puma/thread_pool.rb:133:in `block in spawn_thread'
Started GET "/" for 127.0.0.1 at 2018-09-21 11:38:28 +0700
Processing by ExchangeController#index as HTML
  Rendering exchange/index.html.haml within layouts/application
  Rendered exchange/index.html.haml within layouts/application (44.7ms)
Completed 200 OK in 161ms (Views: 160.1ms | ActiveRecord: 0.0ms)


